c:\users\magda\documents\github\projekt1\projektzaliczeniowy\projektzaliczeniowy\x64\debug\vc143.pdb
c:\users\magda\documents\github\projekt1\projektzaliczeniowy\projektzaliczeniowy\x64\debug\vc143.idb
c:\users\magda\documents\github\projekt1\projektzaliczeniowy\projektzaliczeniowy\x64\debug\ustawienia.obj
c:\users\magda\documents\github\projekt1\projektzaliczeniowy\projektzaliczeniowy\x64\debug\stats.obj
c:\users\magda\documents\github\projekt1\projektzaliczeniowy\projektzaliczeniowy\x64\debug\sklep.obj
c:\users\magda\documents\github\projekt1\projektzaliczeniowy\projektzaliczeniowy\x64\debug\petla.obj
c:\users\magda\documents\github\projekt1\projektzaliczeniowy\projektzaliczeniowy\x64\debug\nowy_skladnik.obj
c:\users\magda\documents\github\projekt1\projektzaliczeniowy\projektzaliczeniowy\x64\debug\nakladka.obj
c:\users\magda\documents\github\projekt1\projektzaliczeniowy\projektzaliczeniowy\x64\debug\menu.obj
c:\users\magda\documents\github\projekt1\projektzaliczeniowy\projektzaliczeniowy\x64\debug\main.obj
c:\users\magda\documents\github\projekt1\projektzaliczeniowy\projektzaliczeniowy\x64\debug\kontrolki.obj
c:\users\magda\documents\github\projekt1\projektzaliczeniowy\projektzaliczeniowy\x64\debug\koniec_gry.obj
c:\users\magda\documents\github\projekt1\projektzaliczeniowy\projektzaliczeniowy\x64\debug\klient.obj
c:\users\magda\documents\github\projekt1\projektzaliczeniowy\projektzaliczeniowy\x64\debug\klasy.obj
c:\users\magda\documents\github\projekt1\projektzaliczeniowy\projektzaliczeniowy\x64\debug\animacja.obj
c:\users\magda\documents\github\projekt1\projektzaliczeniowy\projektzaliczeniowy\x64\debug\akcja_klienci.obj
c:\users\magda\documents\github\projekt1\projektzaliczeniowy\projektzaliczeniowy\x64\debug\akcja.obj
c:\users\magda\documents\github\projekt1\projektzaliczeniowy\x64\debug\projektzaliczeniowy.exe
c:\users\magda\documents\github\projekt1\projektzaliczeniowy\x64\debug\projektzaliczeniowy.pdb
c:\users\magda\documents\github\projekt1\projektzaliczeniowy\projektzaliczeniowy\x64\debug\projektzaliczeniowy.ilk
c:\users\magda\documents\github\projekt1\projektzaliczeniowy\projektzaliczeniowy\x64\debug\projektz.98a6f824.tlog\cl.command.1.tlog
c:\users\magda\documents\github\projekt1\projektzaliczeniowy\projektzaliczeniowy\x64\debug\projektz.98a6f824.tlog\cl.items.tlog
c:\users\magda\documents\github\projekt1\projektzaliczeniowy\projektzaliczeniowy\x64\debug\projektz.98a6f824.tlog\cl.read.1.tlog
c:\users\magda\documents\github\projekt1\projektzaliczeniowy\projektzaliczeniowy\x64\debug\projektz.98a6f824.tlog\cl.write.1.tlog
c:\users\magda\documents\github\projekt1\projektzaliczeniowy\projektzaliczeniowy\x64\debug\projektz.98a6f824.tlog\link.command.1.tlog
c:\users\magda\documents\github\projekt1\projektzaliczeniowy\projektzaliczeniowy\x64\debug\projektz.98a6f824.tlog\link.read.1.tlog
c:\users\magda\documents\github\projekt1\projektzaliczeniowy\projektzaliczeniowy\x64\debug\projektz.98a6f824.tlog\link.secondary.1.tlog
c:\users\magda\documents\github\projekt1\projektzaliczeniowy\projektzaliczeniowy\x64\debug\projektz.98a6f824.tlog\link.write.1.tlog
